<?xml version="1.0" encoding="UTF-8" ?>
<testsuite tests="6" failures="0" name="TestRunner" time="43.099" errors="0" skipped="0">
  <properties>
[...]
</properties>
  <testcase classname="Testing various functionalities on the ESPN Cricinfo website" name="Verify that the homepage loads successfully" time="4.673"/>
  <testcase classname="Testing various functionalities on the ESPN Cricinfo website" name="Verify the display of live scores menu for different match types" time="6.162"/>
  <testcase classname="Testing various functionalities on the ESPN Cricinfo website" name="Verify search functionality for a player #1" time="9.582"/>
  <testcase classname="Testing various functionalities on the ESPN Cricinfo website" name="Verify search functionality for a player #2" time="5.414"/>
  <testcase classname="Testing various functionalities on the ESPN Cricinfo website" name="Verify search functionality for a player #3" time="9.944"/>
  <testcase classname="Testing various functionalities on the ESPN Cricinfo website" name="Verify navigation to &quot;Teams&quot; section" time="7.324"/>
</testsuite>